<?xml version="1.0" encoding="UTF-8"?>
<testng-results ignored="0" total="2" passed="2" failed="0" skipped="0">
  <reporter-output>
  </reporter-output>
  <suite started-at="2022-12-20T23:48:07 EST" name="Default suite" finished-at="2022-12-20T23:48:27 EST" duration-ms="20418">
    <groups>
    </groups>
    <test started-at="2022-12-20T23:48:07 EST" name="Default test" finished-at="2022-12-20T23:48:27 EST" duration-ms="20418">
      <class name="testng.amazon">
        <test-method is-config="true" signature="beforeClass()[pri:0, instance:testng.amazon@46cdf8bd]" started-at="2022-12-20T23:48:07 EST" name="beforeClass" finished-at="2022-12-20T23:48:12 EST" duration-ms="5525" status="PASS">
          <reporter-output>
          </reporter-output>
        </test-method> <!-- beforeClass -->
        <test-method signature="f()[pri:1, instance:testng.amazon@46cdf8bd]" started-at="2022-12-20T23:48:12 EST" name="f" finished-at="2022-12-20T23:48:21 EST" duration-ms="8964" status="PASS">
          <reporter-output>
          </reporter-output>
        </test-method> <!-- f -->
        <test-method signature="test2()[pri:2, instance:testng.amazon@46cdf8bd]" started-at="2022-12-20T23:48:21 EST" name="test2" finished-at="2022-12-20T23:48:26 EST" duration-ms="5127" status="PASS">
          <reporter-output>
          </reporter-output>
        </test-method> <!-- test2 -->
        <test-method is-config="true" signature="afterClass()[pri:0, instance:testng.amazon@46cdf8bd]" started-at="2022-12-20T23:48:26 EST" name="afterClass" finished-at="2022-12-20T23:48:27 EST" duration-ms="744" status="PASS">
          <reporter-output>
          </reporter-output>
        </test-method> <!-- afterClass -->
      </class> <!-- testng.amazon -->
    </test> <!-- Default test -->
  </suite> <!-- Default suite -->
</testng-results>
